============================================================
Time  2024/08/19 16:04:45 616 
============================================================
[2024/08/19 16:04:45 617] isr_local  2211 os_type is:  Linux  
[2024/08/19 16:04:45 618] isr_local  2220 SYS_MSG_LOAD_LOCAL  
[2024/08/19 16:04:45 619] isr_local  2249 SYS_MSG_REGCB_LOCAL| param0 =  msp_status_cb  
[2024/08/19 16:04:45 622] isr_local  2249 SYS_MSG_REGCB_LOCAL| param0 =  build_grm_cb  
[2024/08/19 16:04:45 624] isr_local  2262 ASR_LOCAL_MSG_BUILD_GRM  
[2024/08/19 16:04:45 625] isr_local  1903 grm_init | params:  engine_type = local, 		asr_res_path = fo|res/asr/common.jet, sample_rate = 16000, 		grm_build_path = res/asr/GrmBuilld,   
[2024/08/19 16:04:45 627] isr_local  805  engine_type  :  local  
[2024/08/19 16:04:45 628] isr_local  805  asr_res_path  :  fo|res/asr/common.jet  
[2024/08/19 16:04:45 628] isr_local  805  sample_rate  :  16000  
[2024/08/19 16:04:45 629] isr_local  805  grm_build_path  :  res/asr/GrmBuilld  
[2024/08/19 16:04:45 633] isr_local  1002 file count =   1  
[2024/08/19 16:04:45 634] isr_local  925  file open type is:   fo  
[2024/08/19 16:04:45 634] isr_local  958  res/asr/common.jet  0  0  
[2024/08/19 16:04:45 635] isr_local  1020 speech_plus_setting  0  
[2024/08/19 16:04:45 636] isr_local  1033 2  nil  res/asr/common.jet  0  0  
[2024/08/19 16:04:45 638] isr_local  1035 res_ver  2  
[2024/08/19 16:04:45 639] isr_local  1036 res 5  5873869d89f0becb2d54ddbe1d094889  
[2024/08/19 16:04:45 640] isr_local  1037 res_new_old_mark  v5pp  
[2024/08/19 16:04:45 640] isr_local  1038 res_usr_name  ""  
[2024/08/19 16:04:45 641] isr_local  1039 res_expires  1731464378  
[2024/08/19 16:04:45 642] isr_local  1040 err  0  
[2024/08/19 16:04:45 642] isr_local  1071 now expires:  1724054685  1731464378  
[2024/08/19 16:04:45 654] isr_local  1644 proc_retcode_grm | errorcode =  0  
[2024/08/19 16:04:45 691] isr_local  2022 grammar id:call  
[2024/08/19 16:04:45 695] isr_local  1636 onGrmLocalServiceCb  0  call  
