============================================================
Time  2024/08/19 16:19:00 475 
============================================================
[2024/08/19 16:19:00 476] isr_local  2211 os_type is:  Linux  
[2024/08/19 16:19:00 478] isr_local  2220 SYS_MSG_LOAD_LOCAL  
[2024/08/19 16:19:00 483] isr_local  2249 SYS_MSG_REGCB_LOCAL| param0 =  msp_status_cb  
[2024/08/19 16:19:00 487] isr_local  2249 SYS_MSG_REGCB_LOCAL| param0 =  build_grm_cb  
[2024/08/19 16:19:00 490] isr_local  2262 ASR_LOCAL_MSG_BUILD_GRM  
[2024/08/19 16:19:00 490] isr_local  1903 grm_init | params:  engine_type = local, 		asr_res_path = fo|res/asr/common.jet, sample_rate = 16000, 		grm_build_path = res/asr/GrmBuilld,   
[2024/08/19 16:19:00 493] isr_local  805  engine_type  :  local  
[2024/08/19 16:19:00 494] isr_local  805  asr_res_path  :  fo|res/asr/common.jet  
[2024/08/19 16:19:00 495] isr_local  805  sample_rate  :  16000  
[2024/08/19 16:19:00 495] isr_local  805  grm_build_path  :  res/asr/GrmBuilld  
[2024/08/19 16:19:00 502] isr_local  1002 file count =   1  
[2024/08/19 16:19:00 503] isr_local  925  file open type is:   fo  
[2024/08/19 16:19:00 504] isr_local  958  res/asr/common.jet  0  0  
[2024/08/19 16:19:00 505] isr_local  1020 speech_plus_setting  0  
[2024/08/19 16:19:00 506] isr_local  1033 2  nil  res/asr/common.jet  0  0  
[2024/08/19 16:19:00 509] isr_local  1035 res_ver  2  
[2024/08/19 16:19:00 510] isr_local  1036 res 5  5873869d89f0becb2d54ddbe1d094889  
[2024/08/19 16:19:00 510] isr_local  1037 res_new_old_mark  v5pp  
[2024/08/19 16:19:00 512] isr_local  1038 res_usr_name  ""  
[2024/08/19 16:19:00 515] isr_local  1039 res_expires  1731464378  
[2024/08/19 16:19:00 516] isr_local  1040 err  0  
[2024/08/19 16:19:00 517] isr_local  1071 now expires:  1724055540  1731464378  
[2024/08/19 16:19:00 527] isr_local  1644 proc_retcode_grm | errorcode =  0  
[2024/08/19 16:19:00 570] isr_local  2022 grammar id:call  
[2024/08/19 16:19:00 572] isr_local  1636 onGrmLocalServiceCb  0  call  
