============================================================
Time  2024/08/19 15:51:57 687 
============================================================
[2024/08/19 15:51:57 687] isr_local  2211 os_type is:  Linux  
[2024/08/19 15:51:57 690] isr_local  2220 SYS_MSG_LOAD_LOCAL  
[2024/08/19 15:51:57 692] isr_local  2249 SYS_MSG_REGCB_LOCAL| param0 =  msp_status_cb  
[2024/08/19 15:51:57 695] isr_local  2249 SYS_MSG_REGCB_LOCAL| param0 =  build_grm_cb  
[2024/08/19 15:51:57 698] isr_local  2262 ASR_LOCAL_MSG_BUILD_GRM  
[2024/08/19 15:51:57 698] isr_local  1903 grm_init | params:  engine_type = local, 		asr_res_path = fo|res/asr/common.jet, sample_rate = 16000, 		grm_build_path = res/asr/GrmBuilld,   
[2024/08/19 15:51:57 702] isr_local  805  engine_type  :  local  
[2024/08/19 15:51:57 703] isr_local  805  asr_res_path  :  fo|res/asr/common.jet  
[2024/08/19 15:51:57 704] isr_local  805  sample_rate  :  16000  
[2024/08/19 15:51:57 704] isr_local  805  grm_build_path  :  res/asr/GrmBuilld  
[2024/08/19 15:51:57 709] isr_local  1002 file count =   1  
[2024/08/19 15:51:57 710] isr_local  925  file open type is:   fo  
[2024/08/19 15:51:57 710] isr_local  958  res/asr/common.jet  0  0  
[2024/08/19 15:51:57 711] isr_local  1020 speech_plus_setting  0  
[2024/08/19 15:51:57 712] isr_local  1033 2  nil  res/asr/common.jet  0  0  
[2024/08/19 15:51:57 715] isr_local  1035 res_ver  2  
[2024/08/19 15:51:57 717] isr_local  1036 res 5  5873869d89f0becb2d54ddbe1d094889  
[2024/08/19 15:51:57 718] isr_local  1037 res_new_old_mark  v5pp  
[2024/08/19 15:51:57 719] isr_local  1038 res_usr_name  ""  
[2024/08/19 15:51:57 720] isr_local  1039 res_expires  1731464378  
[2024/08/19 15:51:57 721] isr_local  1040 err  0  
[2024/08/19 15:51:57 722] isr_local  1071 now expires:  1724053917  1731464378  
[2024/08/19 15:51:57 734] isr_local  1644 proc_retcode_grm | errorcode =  0  
[2024/08/19 15:51:57 775] isr_local  2022 grammar id:call  
[2024/08/19 15:51:57 777] isr_local  1636 onGrmLocalServiceCb  0  call  
