============================================================
Time  2024/08/19 19:34:43 404 
============================================================
[2024/08/19 19:34:43 405] isr_local  2211 os_type is:  Linux  
[2024/08/19 19:34:43 407] isr_local  2220 SYS_MSG_LOAD_LOCAL  
[2024/08/19 19:34:43 408] isr_local  2249 SYS_MSG_REGCB_LOCAL| param0 =  msp_status_cb  
[2024/08/19 19:34:43 411] isr_local  2249 SYS_MSG_REGCB_LOCAL| param0 =  build_grm_cb  
[2024/08/19 19:34:43 413] isr_local  2262 ASR_LOCAL_MSG_BUILD_GRM  
[2024/08/19 19:34:43 414] isr_local  1903 grm_init | params:  engine_type = local, 		asr_res_path = fo|res/asr/common.jet, sample_rate = 16000, 		grm_build_path = res/asr/GrmBuilld,   
[2024/08/19 19:34:43 416] isr_local  805  engine_type  :  local  
[2024/08/19 19:34:43 416] isr_local  805  asr_res_path  :  fo|res/asr/common.jet  
[2024/08/19 19:34:43 417] isr_local  805  sample_rate  :  16000  
[2024/08/19 19:34:43 418] isr_local  805  grm_build_path  :  res/asr/GrmBuilld  
[2024/08/19 19:34:43 421] isr_local  1002 file count =   1  
[2024/08/19 19:34:43 423] isr_local  925  file open type is:   fo  
[2024/08/19 19:34:43 424] isr_local  958  res/asr/common.jet  0  0  
[2024/08/19 19:34:43 424] isr_local  1020 speech_plus_setting  0  
[2024/08/19 19:34:43 425] isr_local  1033 2  nil  res/asr/common.jet  0  0  
[2024/08/19 19:34:43 427] isr_local  1035 res_ver  2  
[2024/08/19 19:34:43 428] isr_local  1036 res 5  5873869d89f0becb2d54ddbe1d094889  
[2024/08/19 19:34:43 429] isr_local  1037 res_new_old_mark  v5pp  
[2024/08/19 19:34:43 430] isr_local  1038 res_usr_name  ""  
[2024/08/19 19:34:43 431] isr_local  1039 res_expires  1731464378  
[2024/08/19 19:34:43 431] isr_local  1040 err  0  
[2024/08/19 19:34:43 432] isr_local  1071 now expires:  1724067283  1731464378  
[2024/08/19 19:34:43 442] isr_local  1644 proc_retcode_grm | errorcode =  0  
[2024/08/19 19:34:43 484] isr_local  2022 grammar id:call  
[2024/08/19 19:34:43 485] isr_local  1636 onGrmLocalServiceCb  0  call  
