============================================================
Time  2024/08/19 19:01:06 179 
============================================================
[2024/08/19 19:01:06 179] isr_local  2211 os_type is:  Linux  
[2024/08/19 19:01:06 180] isr_local  2220 SYS_MSG_LOAD_LOCAL  
[2024/08/19 19:01:06 184] isr_local  2249 SYS_MSG_REGCB_LOCAL| param0 =  msp_status_cb  
[2024/08/19 19:01:06 190] isr_local  2249 SYS_MSG_REGCB_LOCAL| param0 =  build_grm_cb  
[2024/08/19 19:01:06 193] isr_local  2262 ASR_LOCAL_MSG_BUILD_GRM  
[2024/08/19 19:01:06 194] isr_local  1903 grm_init | params:  engine_type = local, 		asr_res_path = fo|res/asr/common.jet, sample_rate = 16000, 		grm_build_path = res/asr/GrmBuilld,   
[2024/08/19 19:01:06 197] isr_local  805  engine_type  :  local  
[2024/08/19 19:01:06 198] isr_local  805  asr_res_path  :  fo|res/asr/common.jet  
[2024/08/19 19:01:06 199] isr_local  805  sample_rate  :  16000  
[2024/08/19 19:01:06 200] isr_local  805  grm_build_path  :  res/asr/GrmBuilld  
[2024/08/19 19:01:06 204] isr_local  1002 file count =   1  
[2024/08/19 19:01:06 206] isr_local  925  file open type is:   fo  
[2024/08/19 19:01:06 207] isr_local  958  res/asr/common.jet  0  0  
[2024/08/19 19:01:06 208] isr_local  1020 speech_plus_setting  0  
[2024/08/19 19:01:06 209] isr_local  1033 2  nil  res/asr/common.jet  0  0  
[2024/08/19 19:01:06 213] isr_local  1035 res_ver  2  
[2024/08/19 19:01:06 216] isr_local  1036 res 5  5873869d89f0becb2d54ddbe1d094889  
[2024/08/19 19:01:06 217] isr_local  1037 res_new_old_mark  v5pp  
[2024/08/19 19:01:06 219] isr_local  1038 res_usr_name  ""  
[2024/08/19 19:01:06 219] isr_local  1039 res_expires  1731464378  
[2024/08/19 19:01:06 220] isr_local  1040 err  0  
[2024/08/19 19:01:06 221] isr_local  1071 now expires:  1724065266  1731464378  
[2024/08/19 19:01:06 232] isr_local  1644 proc_retcode_grm | errorcode =  0  
[2024/08/19 19:01:06 292] isr_local  2022 grammar id:call  
[2024/08/19 19:01:06 296] isr_local  1636 onGrmLocalServiceCb  0  call  
