============================================================
Time  2024/08/19 15:52:44 626 
============================================================
[2024/08/19 15:52:44 627] isr_local  2211 os_type is:  Linux  
[2024/08/19 15:52:44 628] isr_local  2220 SYS_MSG_LOAD_LOCAL  
[2024/08/19 15:52:44 630] isr_local  2249 SYS_MSG_REGCB_LOCAL| param0 =  msp_status_cb  
[2024/08/19 15:52:44 633] isr_local  2249 SYS_MSG_REGCB_LOCAL| param0 =  build_grm_cb  
[2024/08/19 15:52:44 635] isr_local  2262 ASR_LOCAL_MSG_BUILD_GRM  
[2024/08/19 15:52:44 635] isr_local  1903 grm_init | params:  engine_type = local, 		asr_res_path = fo|res/asr/common.jet, sample_rate = 16000, 		grm_build_path = res/asr/GrmBuilld,   
[2024/08/19 15:52:44 638] isr_local  805  engine_type  :  local  
[2024/08/19 15:52:44 639] isr_local  805  asr_res_path  :  fo|res/asr/common.jet  
[2024/08/19 15:52:44 640] isr_local  805  sample_rate  :  16000  
[2024/08/19 15:52:44 641] isr_local  805  grm_build_path  :  res/asr/GrmBuilld  
[2024/08/19 15:52:44 645] isr_local  1002 file count =   1  
[2024/08/19 15:52:44 646] isr_local  925  file open type is:   fo  
[2024/08/19 15:52:44 647] isr_local  958  res/asr/common.jet  0  0  
[2024/08/19 15:52:44 647] isr_local  1020 speech_plus_setting  0  
[2024/08/19 15:52:44 648] isr_local  1033 2  nil  res/asr/common.jet  0  0  
[2024/08/19 15:52:44 650] isr_local  1035 res_ver  2  
[2024/08/19 15:52:44 651] isr_local  1036 res 5  5873869d89f0becb2d54ddbe1d094889  
[2024/08/19 15:52:44 651] isr_local  1037 res_new_old_mark  v5pp  
[2024/08/19 15:52:44 652] isr_local  1038 res_usr_name  ""  
[2024/08/19 15:52:44 652] isr_local  1039 res_expires  1731464378  
[2024/08/19 15:52:44 653] isr_local  1040 err  0  
[2024/08/19 15:52:44 654] isr_local  1071 now expires:  1724053964  1731464378  
[2024/08/19 15:52:44 664] isr_local  1644 proc_retcode_grm | errorcode =  0  
[2024/08/19 15:52:44 703] isr_local  2022 grammar id:call  
[2024/08/19 15:52:44 705] isr_local  1636 onGrmLocalServiceCb  0  call  
