============================================================
Time  2024/08/19 19:01:19 573 
============================================================
[2024/08/19 19:01:19 574] isr_local  2211 os_type is:  Linux  
[2024/08/19 19:01:19 580] isr_local  2220 SYS_MSG_LOAD_LOCAL  
[2024/08/19 19:01:19 584] isr_local  2249 SYS_MSG_REGCB_LOCAL| param0 =  msp_status_cb  
[2024/08/19 19:01:19 588] isr_local  2249 SYS_MSG_REGCB_LOCAL| param0 =  build_grm_cb  
[2024/08/19 19:01:19 590] isr_local  2262 ASR_LOCAL_MSG_BUILD_GRM  
[2024/08/19 19:01:19 591] isr_local  1903 grm_init | params:  engine_type = local, 		asr_res_path = fo|res/asr/common.jet, sample_rate = 16000, 		grm_build_path = res/asr/GrmBuilld,   
[2024/08/19 19:01:19 594] isr_local  805  engine_type  :  local  
[2024/08/19 19:01:19 594] isr_local  805  asr_res_path  :  fo|res/asr/common.jet  
[2024/08/19 19:01:19 595] isr_local  805  sample_rate  :  16000  
[2024/08/19 19:01:19 596] isr_local  805  grm_build_path  :  res/asr/GrmBuilld  
[2024/08/19 19:01:19 602] isr_local  1002 file count =   1  
[2024/08/19 19:01:19 605] isr_local  925  file open type is:   fo  
[2024/08/19 19:01:19 607] isr_local  958  res/asr/common.jet  0  0  
[2024/08/19 19:01:19 608] isr_local  1020 speech_plus_setting  0  
[2024/08/19 19:01:19 608] isr_local  1033 2  nil  res/asr/common.jet  0  0  
[2024/08/19 19:01:19 612] isr_local  1035 res_ver  2  
[2024/08/19 19:01:19 613] isr_local  1036 res 5  5873869d89f0becb2d54ddbe1d094889  
[2024/08/19 19:01:19 613] isr_local  1037 res_new_old_mark  v5pp  
[2024/08/19 19:01:19 614] isr_local  1038 res_usr_name  ""  
[2024/08/19 19:01:19 615] isr_local  1039 res_expires  1731464378  
[2024/08/19 19:01:19 616] isr_local  1040 err  0  
[2024/08/19 19:01:19 618] isr_local  1071 now expires:  1724065279  1731464378  
[2024/08/19 19:01:19 634] isr_local  1644 proc_retcode_grm | errorcode =  0  
[2024/08/19 19:01:19 688] isr_local  2022 grammar id:call  
[2024/08/19 19:01:19 690] isr_local  1636 onGrmLocalServiceCb  0  call  
