============================================================
Time  2024/08/19 14:52:04 117 
============================================================
[2024/08/19 14:52:04 120] isr_local  2211 os_type is:  Linux  
[2024/08/19 14:52:04 121] isr_local  2220 SYS_MSG_LOAD_LOCAL  
[2024/08/19 14:52:04 125] isr_local  2249 SYS_MSG_REGCB_LOCAL| param0 =  msp_status_cb  
[2024/08/19 14:52:04 128] isr_local  2249 SYS_MSG_REGCB_LOCAL| param0 =  build_grm_cb  
[2024/08/19 14:52:04 131] isr_local  2262 ASR_LOCAL_MSG_BUILD_GRM  
[2024/08/19 14:52:04 132] isr_local  1903 grm_init | params:  engine_type = local, 		asr_res_path = fo|res/asr/common.jet, sample_rate = 16000, 		grm_build_path = res/asr/GrmBuilld,   
[2024/08/19 14:52:04 135] isr_local  805  engine_type  :  local  
[2024/08/19 14:52:04 139] isr_local  805  sample_rate  :  16000  
sr/common.jet  
[2024/08/19 14:52:04 157] isr_local  1002 file count =   1  
es/asr/GrmBuilld  
[2024/08/19 14:52:04 158] isr_local  925  file open type is:   fo  
[2024/08/19 14:52:04 159] isr_local  958  res/asr/common.jet  0  0  
[2024/08/19 14:52:04 160] isr_local  1020 speech_plus_setting  0  
[2024/08/19 14:52:04 161] isr_local  1033 2  nil  res/asr/common.jet  0  0  
[2024/08/19 14:52:04 165] isr_local  1035 res_ver  2  
[2024/08/19 14:52:04 168] isr_local  1036 res 5  5873869d89f0becb2d54ddbe1d094889  
[2024/08/19 14:52:04 192] isr_local  1071 now expires:  1724050324  1731464378  
[2024/08/19 14:52:04 309] isr_local  2022 grammar id:call  
errorcode =  0  
[2024/08/19 14:52:04 315] isr_local  1636 onGrmLocalServiceCb  0  call  
