============================================================
Time  2024/08/19 10:30:42 621 
============================================================
[2024/08/19 10:30:42 621] isr_local  2211 os_type is:  Linux  
[2024/08/19 10:30:42 623] isr_local  2220 SYS_MSG_LOAD_LOCAL  
[2024/08/19 10:30:42 625] isr_local  2249 SYS_MSG_REGCB_LOCAL| param0 =  msp_status_cb  
[2024/08/19 10:30:42 628] isr_local  2249 SYS_MSG_REGCB_LOCAL| param0 =  build_grm_cb  
[2024/08/19 10:30:42 630] isr_local  2262 ASR_LOCAL_MSG_BUILD_GRM  
[2024/08/19 10:30:42 630] isr_local  1903 grm_init | params:  engine_type = local, 		asr_res_path = fo|res/asr/common.jet, sample_rate = 16000, 		grm_build_path = res/asr/GrmBuilld,   
[2024/08/19 10:30:42 632] isr_local  805  engine_type  :  local  
[2024/08/19 10:30:42 632] isr_local  805  asr_res_path  :  fo|res/asr/common.jet  
[2024/08/19 10:30:42 633] isr_local  805  sample_rate  :  16000  
[2024/08/19 10:30:42 634] isr_local  805  grm_build_path  :  res/asr/GrmBuilld  
[2024/08/19 10:30:42 637] isr_local  1002 file count =   1  
[2024/08/19 10:30:42 639] isr_local  925  file open type is:   fo  
[2024/08/19 10:30:42 640] isr_local  958  res/asr/common.jet  0  0  
[2024/08/19 10:30:42 640] isr_local  1020 speech_plus_setting  0  
[2024/08/19 10:30:42 641] isr_local  1033 2  nil  res/asr/common.jet  0  0  
[2024/08/19 10:30:42 644] isr_local  1035 res_ver  2  
[2024/08/19 10:30:42 644] isr_local  1036 res 5  5873869d89f0becb2d54ddbe1d094889  
[2024/08/19 10:30:42 645] isr_local  1037 res_new_old_mark  v5pp  
[2024/08/19 10:30:42 646] isr_local  1038 res_usr_name  ""  
[2024/08/19 10:30:42 647] isr_local  1039 res_expires  1731464378  
[2024/08/19 10:30:42 647] isr_local  1040 err  0  
[2024/08/19 10:30:42 648] isr_local  1071 now expires:  1724034642  1731464378  
[2024/08/19 10:30:42 657] isr_local  1644 proc_retcode_grm | errorcode =  0  
[2024/08/19 10:30:42 695] isr_local  2022 grammar id:call  
[2024/08/19 10:30:42 696] isr_local  1636 onGrmLocalServiceCb  0  call  
