============================================================
Time  2024/08/19 15:55:05 943 
============================================================
[2024/08/19 15:55:05 943] isr_local  2211 os_type is:  Linux  
[2024/08/19 15:55:05 944] isr_local  2220 SYS_MSG_LOAD_LOCAL  
[2024/08/19 15:55:05 946] isr_local  2249 SYS_MSG_REGCB_LOCAL| param0 =  msp_status_cb  
[2024/08/19 15:55:05 950] isr_local  2249 SYS_MSG_REGCB_LOCAL| param0 =  build_grm_cb  
[2024/08/19 15:55:05 952] isr_local  2262 ASR_LOCAL_MSG_BUILD_GRM  
[2024/08/19 15:55:05 953] isr_local  1903 grm_init | params:  engine_type = local, 		asr_res_path = fo|res/asr/common.jet, sample_rate = 16000, 		grm_build_path = res/asr/GrmBuilld,   
[2024/08/19 15:55:06 463] isr_local  805  engine_type  :  local  
[2024/08/19 15:55:06 464] isr_local  805  asr_res_path  :  fo|res/asr/common.jet  
[2024/08/19 15:55:06 465] isr_local  805  sample_rate  :  16000  
[2024/08/19 15:55:06 466] isr_local  805  grm_build_path  :  res/asr/GrmBuilld  
[2024/08/19 15:55:06 476] isr_local  1002 file count =   1  
[2024/08/19 15:55:06 479] isr_local  925  file open type is:   fo  
[2024/08/19 15:55:06 480] isr_local  958  res/asr/common.jet  0  0  
[2024/08/19 15:55:06 481] isr_local  1020 speech_plus_setting  0  
[2024/08/19 15:55:06 483] isr_local  1033 2  nil  res/asr/common.jet  0  0  
[2024/08/19 15:55:06 490] isr_local  1035 res_ver  2  
[2024/08/19 15:55:06 497] isr_local  1071 now expires:  1724054106  1731464378  
 
[2024/08/19 15:55:06 516] isr_local  1644 proc_retcode_grm | errorcode =  0  
[2024/08/19 15:55:06 584] isr_local  2022 grammar id:call  
[2024/08/19 15:55:06 590] isr_local  1636 onGrmLocalServiceCb  0  call  
