============================================================
Time  2024/08/19 16:22:08 620 
============================================================
[2024/08/19 16:22:08 621] isr_local  2211 os_type is:  Linux  
[2024/08/19 16:22:08 622] isr_local  2220 SYS_MSG_LOAD_LOCAL  
[2024/08/19 16:22:08 623] isr_local  2249 SYS_MSG_REGCB_LOCAL| param0 =  msp_status_cb  
[2024/08/19 16:22:08 626] isr_local  2249 SYS_MSG_REGCB_LOCAL| param0 =  build_grm_cb  
[2024/08/19 16:22:08 628] isr_local  2262 ASR_LOCAL_MSG_BUILD_GRM  
[2024/08/19 16:22:08 628] isr_local  1903 grm_init | params:  engine_type = local, 		asr_res_path = fo|res/asr/common.jet, sample_rate = 16000, 		grm_build_path = res/asr/GrmBuilld,   
[2024/08/19 16:22:09 053] isr_local  805  engine_type  :  local  
[2024/08/19 16:22:09 053] isr_local  805  asr_res_path  :  fo|res/asr/common.jet  
[2024/08/19 16:22:09 054] isr_local  805  sample_rate  :  16000  
[2024/08/19 16:22:09 055] isr_local  805  grm_build_path  :  res/asr/GrmBuilld  
[2024/08/19 16:22:09 062] isr_local  1002 file count =   1  
[2024/08/19 16:22:09 064] isr_local  925  file open type is:   fo  
[2024/08/19 16:22:09 064] isr_local  958  res/asr/common.jet  0  0  
[2024/08/19 16:22:09 069] isr_local  1020 speech_plus_setting  0  
[2024/08/19 16:22:09 071] isr_local  1033 2  nil  res/asr/common.jet  0  0  
[2024/08/19 16:22:09 074] isr_local  1035 res_ver  2  
[2024/08/19 16:22:09 075] isr_local  1036 res 5  5873869d89f0becb2d54ddbe1d094889  
[2024/08/19 16:22:09 076] isr_local  1037 res_new_old_mark  v5pp  
[2024/08/19 16:22:09 077] isr_local  1038 res_usr_name  ""  
[2024/08/19 16:22:09 077] isr_local  1039 res_expires  1731464378  
[2024/08/19 16:22:09 078] isr_local  1040 err  0  
[2024/08/19 16:22:09 079] isr_local  1071 now expires:  1724055729  1731464378  
[2024/08/19 16:22:09 089] isr_local  1644 proc_retcode_grm | errorcode =  0  
[2024/08/19 16:22:09 127] isr_local  2022 grammar id:call  
[2024/08/19 16:22:09 128] isr_local  1636 onGrmLocalServiceCb  0  call  
