============================================================
Time  2024/08/19 15:53:58 424 
============================================================
[2024/08/19 15:53:58 425] isr_local  2211 os_type is:  Linux  
[2024/08/19 15:53:58 426] isr_local  2220 SYS_MSG_LOAD_LOCAL  
[2024/08/19 15:53:58 427] isr_local  2249 SYS_MSG_REGCB_LOCAL| param0 =  msp_status_cb  
[2024/08/19 15:53:58 431] isr_local  2249 SYS_MSG_REGCB_LOCAL| param0 =  build_grm_cb  
[2024/08/19 15:53:58 433] isr_local  2262 ASR_LOCAL_MSG_BUILD_GRM  
[2024/08/19 15:53:58 433] isr_local  1903 grm_init | params:  engine_type = local, 		asr_res_path = fo|res/asr/common.jet, sample_rate = 16000, 		grm_build_path = res/asr/GrmBuilld,   
[2024/08/19 15:53:58 435] isr_local  805  engine_type  :  local  
[2024/08/19 15:53:58 436] isr_local  805  asr_res_path  :  fo|res/asr/common.jet  
[2024/08/19 15:53:58 437] isr_local  805  sample_rate  :  16000  
[2024/08/19 15:53:58 437] isr_local  805  grm_build_path  :  res/asr/GrmBuilld  
[2024/08/19 15:53:58 441] isr_local  1002 file count =   1  
[2024/08/19 15:53:58 442] isr_local  925  file open type is:   fo  
[2024/08/19 15:53:58 443] isr_local  958  res/asr/common.jet  0  0  
[2024/08/19 15:53:58 443] isr_local  1020 speech_plus_setting  0  
[2024/08/19 15:53:58 444] isr_local  1033 2  nil  res/asr/common.jet  0  0  
[2024/08/19 15:53:58 446] isr_local  1035 res_ver  2  
[2024/08/19 15:53:58 447] isr_local  1036 res 5  5873869d89f0becb2d54ddbe1d094889  
[2024/08/19 15:53:58 448] isr_local  1037 res_new_old_mark  v5pp  
[2024/08/19 15:53:58 448] isr_local  1038 res_usr_name  ""  
[2024/08/19 15:53:58 449] isr_local  1039 res_expires  1731464378  
[2024/08/19 15:53:58 449] isr_local  1040 err  0  
[2024/08/19 15:53:58 450] isr_local  1071 now expires:  1724054038  1731464378  
[2024/08/19 15:53:58 460] isr_local  1644 proc_retcode_grm | errorcode =  0  
[2024/08/19 15:53:58 497] isr_local  2022 grammar id:call  
[2024/08/19 15:53:58 499] isr_local  1636 onGrmLocalServiceCb  0  call  
